Started by user [8mha:////4OD9j0QHOWHHSL5aw0vBHIeI0kPUYpezn3NhhujZAqmTAAAAlx+LCAAAAAAAAP9b85aBtbiIQTGjNKU4P08vOT+vOD8nVc83PyU1x6OyILUoJzMv2y+/JJUBAhiZGBgqihhk0NSjKDWzXb3RdlLBUSYGJk8GtpzUvPSSDB8G5tKinBIGIZ+sxLJE/ZzEvHT94JKizLx0a6BxUmjGOUNodHsLgAyOEgZu/dLi1CL9xJTczDwAg9OS0cAAAAA=[0mhenrique
Building in workspace /var/jenkins_home/workspace/teste2
No credentials specified
 > git rev-parse --is-inside-work-tree # timeout=10
Fetching changes from the remote Git repository
 > git config remote.origin.url https://github.com/henriquewestphal/argentum-web.git # timeout=10
Fetching upstream changes from https://github.com/henriquewestphal/argentum-web.git
 > git --version # timeout=10
 > git fetch --tags --progress https://github.com/henriquewestphal/argentum-web.git +refs/heads/*:refs/remotes/origin/*
 > git rev-parse refs/remotes/origin/master^{commit} # timeout=10
 > git rev-parse refs/remotes/origin/origin/master^{commit} # timeout=10
Checking out Revision 56b8432c7a4dfc708de0969be3d354f15e3607cf (refs/remotes/origin/master)
 > git config core.sparsecheckout # timeout=10
 > git checkout -f 56b8432c7a4dfc708de0969be3d354f15e3607cf
Commit message: "WS de negociaÃ§Ãµes utilizado no curso"
 > git rev-list --no-walk 56b8432c7a4dfc708de0969be3d354f15e3607cf # timeout=10
Unpacking https://repo.maven.apache.org/maven2/org/apache/maven/apache-maven/3.5.4/apache-maven-3.5.4-bin.zip to /var/jenkins_home/tools/hudson.tasks.Maven_MavenInstallation/Apache_Maven_3.5.4 on Jenkins
[teste2] $ /var/jenkins_home/tools/hudson.tasks.Maven_MavenInstallation/Apache_Maven_3.5.4/bin/mvn package
[INFO] Scanning for projects...
[INFO] 
[INFO] ----------------< br.com.caelum.argentum:argentum-web >-----------------
[INFO] Building argentum-web 1.0.0-SNAPSHOT
[INFO] --------------------------------[ war ]---------------------------------
[INFO] 
[8mha:////4MEawC/u6INT+OtSbmkvB7R4kKyH8VyfcLvGi7Dv/4wwAAAAYB+LCAAAAAAAAP9b85aBtbiIQSmjNKU4P0+vJLE4u1gvPjexLDVPzxdEGvvmZ+X75ZekLlOVfvTjc8FPJgaGiiIGKaiG5Py84vycVD1nCA1SyAABjCCFBQCV27OjYAAAAA==[0m[INFO] --- jacoco-maven-plugin:0.7.6.201602180812:prepare-agent (default) @ argentum-web ---
[INFO] argLine set to -javaagent:/var/jenkins_home/.m2/repository/org/jacoco/org.jacoco.agent/0.7.6.201602180812/org.jacoco.agent-0.7.6.201602180812-runtime.jar=destfile=/var/jenkins_home/workspace/teste2/target/jacoco.exec
[INFO] 
[8mha:////4MEawC/u6INT+OtSbmkvB7R4kKyH8VyfcLvGi7Dv/4wwAAAAYB+LCAAAAAAAAP9b85aBtbiIQSmjNKU4P0+vJLE4u1gvPjexLDVPzxdEGvvmZ+X75ZekLlOVfvTjc8FPJgaGiiIGKaiG5Py84vycVD1nCA1SyAABjCCFBQCV27OjYAAAAA==[0m[INFO] --- maven-resources-plugin:2.6:resources (default-resources) @ argentum-web ---
[INFO] Using 'UTF-8' encoding to copy filtered resources.
[INFO] Copying 1 resource
[INFO] 
[8mha:////4MEawC/u6INT+OtSbmkvB7R4kKyH8VyfcLvGi7Dv/4wwAAAAYB+LCAAAAAAAAP9b85aBtbiIQSmjNKU4P0+vJLE4u1gvPjexLDVPzxdEGvvmZ+X75ZekLlOVfvTjc8FPJgaGiiIGKaiG5Py84vycVD1nCA1SyAABjCCFBQCV27OjYAAAAA==[0m[INFO] --- maven-compiler-plugin:3.1:compile (default-compile) @ argentum-web ---
[INFO] Nothing to compile - all classes are up to date
[INFO] 
[8mha:////4MEawC/u6INT+OtSbmkvB7R4kKyH8VyfcLvGi7Dv/4wwAAAAYB+LCAAAAAAAAP9b85aBtbiIQSmjNKU4P0+vJLE4u1gvPjexLDVPzxdEGvvmZ+X75ZekLlOVfvTjc8FPJgaGiiIGKaiG5Py84vycVD1nCA1SyAABjCCFBQCV27OjYAAAAA==[0m[INFO] --- maven-resources-plugin:2.6:testResources (default-testResources) @ argentum-web ---
[INFO] Using 'UTF-8' encoding to copy filtered resources.
[INFO] Copying 1 resource
[INFO] 
[8mha:////4MEawC/u6INT+OtSbmkvB7R4kKyH8VyfcLvGi7Dv/4wwAAAAYB+LCAAAAAAAAP9b85aBtbiIQSmjNKU4P0+vJLE4u1gvPjexLDVPzxdEGvvmZ+X75ZekLlOVfvTjc8FPJgaGiiIGKaiG5Py84vycVD1nCA1SyAABjCCFBQCV27OjYAAAAA==[0m[INFO] --- maven-compiler-plugin:3.1:testCompile (default-testCompile) @ argentum-web ---
[INFO] Nothing to compile - all classes are up to date
[INFO] 
[8mha:////4MEawC/u6INT+OtSbmkvB7R4kKyH8VyfcLvGi7Dv/4wwAAAAYB+LCAAAAAAAAP9b85aBtbiIQSmjNKU4P0+vJLE4u1gvPjexLDVPzxdEGvvmZ+X75ZekLlOVfvTjc8FPJgaGiiIGKaiG5Py84vycVD1nCA1SyAABjCCFBQCV27OjYAAAAA==[0m[INFO] --- maven-surefire-plugin:2.12.4:test (default-test) @ argentum-web ---
[INFO] Surefire report directory: /var/jenkins_home/workspace/teste2/target/surefire-reports

-------------------------------------------------------
 T E S T S
-------------------------------------------------------
Error: Could not find or load main class org.apache.maven.surefire.booter.ForkedBooter

Results :

Tests run: 0, Failures: 0, Errors: 0, Skipped: 0

[INFO] ------------------------------------------------------------------------
[INFO] BUILD FAILURE
[INFO] ------------------------------------------------------------------------
[INFO] Total time: 1.058 s
[INFO] Finished at: 2019-03-12T21:54:41Z
[INFO] ------------------------------------------------------------------------
[8mha:////4COtuEA2g3/qCJWbY5zNEmRLBABWSl4ECWNf6s5XiSmQAAAAYB+LCAAAAAAAAP9b85aBtbiIQSmjNKU4P0+vJLE4u1gvPjexLDVPzxdEuhYV5Rf55ZekOlc7RKnPKH7IxMBQUcQgBdWQnJ9XnJ+TqucMoUEKGSCAEaSwAACsNFCqYAAAAA==[0m[ERROR] Failed to execute goal org.apache.maven.plugins:maven-surefire-plugin:2.12.4:test (default-test) on project argentum-web: Execution default-test of goal org.apache.maven.plugins:maven-surefire-plugin:2.12.4:test failed: The forked VM terminated without saying properly goodbye. VM crash or System.exit called ? -> [Help 1]
[8mha:////4COtuEA2g3/qCJWbY5zNEmRLBABWSl4ECWNf6s5XiSmQAAAAYB+LCAAAAAAAAP9b85aBtbiIQSmjNKU4P0+vJLE4u1gvPjexLDVPzxdEuhYV5Rf55ZekOlc7RKnPKH7IxMBQUcQgBdWQnJ9XnJ+TqucMoUEKGSCAEaSwAACsNFCqYAAAAA==[0m[ERROR] 
[8mha:////4COtuEA2g3/qCJWbY5zNEmRLBABWSl4ECWNf6s5XiSmQAAAAYB+LCAAAAAAAAP9b85aBtbiIQSmjNKU4P0+vJLE4u1gvPjexLDVPzxdEuhYV5Rf55ZekOlc7RKnPKH7IxMBQUcQgBdWQnJ9XnJ+TqucMoUEKGSCAEaSwAACsNFCqYAAAAA==[0m[ERROR] To see the full stack trace of the errors, re-run Maven with the -e switch.
[8mha:////4COtuEA2g3/qCJWbY5zNEmRLBABWSl4ECWNf6s5XiSmQAAAAYB+LCAAAAAAAAP9b85aBtbiIQSmjNKU4P0+vJLE4u1gvPjexLDVPzxdEuhYV5Rf55ZekOlc7RKnPKH7IxMBQUcQgBdWQnJ9XnJ+TqucMoUEKGSCAEaSwAACsNFCqYAAAAA==[0m[ERROR] Re-run Maven using the -X switch to enable full debug logging.
[8mha:////4COtuEA2g3/qCJWbY5zNEmRLBABWSl4ECWNf6s5XiSmQAAAAYB+LCAAAAAAAAP9b85aBtbiIQSmjNKU4P0+vJLE4u1gvPjexLDVPzxdEuhYV5Rf55ZekOlc7RKnPKH7IxMBQUcQgBdWQnJ9XnJ+TqucMoUEKGSCAEaSwAACsNFCqYAAAAA==[0m[ERROR] 
[8mha:////4COtuEA2g3/qCJWbY5zNEmRLBABWSl4ECWNf6s5XiSmQAAAAYB+LCAAAAAAAAP9b85aBtbiIQSmjNKU4P0+vJLE4u1gvPjexLDVPzxdEuhYV5Rf55ZekOlc7RKnPKH7IxMBQUcQgBdWQnJ9XnJ+TqucMoUEKGSCAEaSwAACsNFCqYAAAAA==[0m[ERROR] For more information about the errors and possible solutions, please read the following articles:
[8mha:////4COtuEA2g3/qCJWbY5zNEmRLBABWSl4ECWNf6s5XiSmQAAAAYB+LCAAAAAAAAP9b85aBtbiIQSmjNKU4P0+vJLE4u1gvPjexLDVPzxdEuhYV5Rf55ZekOlc7RKnPKH7IxMBQUcQgBdWQnJ9XnJ+TqucMoUEKGSCAEaSwAACsNFCqYAAAAA==[0m[ERROR] [Help 1] http://cwiki.apache.org/confluence/display/MAVEN/PluginExecutionException
Build step 'Invoke top-level Maven targets' marked build as failure
Finished: FAILURE
